Command line:
   sim1_isim_beh.exe
     -simmode  gui
     -simrunnum  0
     -socket  50069

Thu Jan 11 16:04:50 2018


 Elaboration Time: 0.09375 sec

 Current Memory Usage: 383.197 Meg

 Total Signals          : 4210
 Total Nets             : 10649
 Total Signal Drivers   : 1532
 Total Blocks           : 765
 Total Primitive Blocks : 745
 Total Processes        : 1353
 Total Traceable Variables  : 1023
 Total Scalar Nets and Variables : 17436
Total Line Count : 3134

 Total Simulation Time: 0.359375 sec

 Current Memory Usage: 383.197 Meg

Thu Jan 11 16:58:12 2018

