Command line:
   CONTROLLER_isim_beh.exe
     -simmode  gui
     -simrunnum  0
     -socket  53108

Thu Dec 21 09:58:21 2017


 Elaboration Time: 0.046875 sec

 Current Memory Usage: 357.638 Meg

 Total Signals          : 15
 Total Nets             : 25
 Total Signal Drivers   : 11
 Total Blocks           : 4
 Total Primitive Blocks : 4
 Total Processes        : 3
 Total Traceable Variables  : 10
 Total Scalar Nets and Variables : 403
Total Line Count : 51

 Total Simulation Time: 0.046875 sec

 Current Memory Usage: 672.227 Meg

Thu Dec 21 09:58:51 2017

